<?xml version="1.0" encoding="UTF-8"?>
<!-- Generated by org.testng.reporters.JUnitReportReporter -->
<testsuite hostname="ABHI" failures="0" tests="2" name="academyTest.HomePageTest" time="2.217" errors="0" timestamp="2021-05-30T15:40:16 IST" skipped="0">
  <testcase classname="academyTest.HomePageTest" name="verifyTitle" time="1.585"/>
  <system-out/>
  <testcase classname="academyTest.HomePageTest" name="doSignIn" time="0.632"/>
  <system-out/>
</testsuite> <!-- academyTest.HomePageTest -->
