<?xml version="1.0" encoding="UTF-8"?>
<!-- Generated by org.testng.reporters.JUnitReportReporter -->
<testsuite hostname="DESKTOP-0RSKHMC" failures="0" tests="1" name="Academy.AbhiAutomation.HomePageTest" time="6.761" errors="0" timestamp="2021-05-26T20:10:58 IST" skipped="0">
  <testcase classname="Academy.AbhiAutomation.HomePageTest" name="baseClassNavigation" time="6.761"/>
  <system-out/>
</testsuite> <!-- Academy.AbhiAutomation.HomePageTest -->
