<?xml version="1.0" encoding="UTF-8"?>
<!-- Generated by org.testng.reporters.JUnitReportReporter -->
<testsuite hostname="ABHI" failures="0" tests="1" name="academyTest.LandingPageTest" time="17.949" errors="0" timestamp="2021-05-31T00:39:19 IST" skipped="0">
  <testcase classname="academyTest.LandingPageTest" name="clickOnSignIn" time="17.949"/>
  <system-out/>
</testsuite> <!-- academyTest.LandingPageTest -->
