<?xml version="1.0" encoding="UTF-8"?>
<!-- Generated by org.testng.reporters.JUnitReportReporter -->
<testsuite hostname="ABHI" failures="0" tests="1" name="academyTest.RegisterPageTest" time="26.252" errors="0" timestamp="2021-05-31T00:39:19 IST" skipped="0">
  <testcase classname="academyTest.RegisterPageTest" name="registerExistingUser" time="26.252"/>
  <system-out/>
</testsuite> <!-- academyTest.RegisterPageTest -->
