<?xml version="1.0" encoding="UTF-8"?>
<!-- Generated by org.testng.reporters.JUnitReportReporter -->
<testsuite skipped="0" hostname="ABHI" name="academyTest.SignInPageTest" tests="2" failures="0" timestamp="2021-05-31T00:58:59 IST" time="13.605" errors="0">
  <testcase name="verifyTitle" time="7.017" classname="academyTest.SignInPageTest"/>
  <system-out/>
  <testcase name="doSignIn" time="6.588" classname="academyTest.SignInPageTest"/>
  <system-out/>
</testsuite> <!-- academyTest.SignInPageTest -->
