<?xml version="1.0" encoding="UTF-8"?>
<!-- Generated by org.testng.reporters.JUnitReportReporter -->
<testsuite skipped="0" hostname="ABHI" name="academyTest.LandingPageTest" tests="1" failures="0" timestamp="2021-05-31T00:58:59 IST" time="28.068" errors="0">
  <testcase name="clickOnSignIn" time="28.068" classname="academyTest.LandingPageTest"/>
  <system-out/>
</testsuite> <!-- academyTest.LandingPageTest -->
