<?xml version="1.0" encoding="UTF-8"?>
<!-- Generated by org.testng.reporters.JUnitReportReporter -->
<testsuite skipped="0" hostname="ABHI" name="academyTest.RegisterPageTest" tests="1" failures="0" timestamp="2021-05-31T00:58:59 IST" time="56.341" errors="0">
  <testcase name="registerExistingUser" time="56.341" classname="academyTest.RegisterPageTest"/>
  <system-out/>
</testsuite> <!-- academyTest.RegisterPageTest -->
